150821 13:03:32 DEB: This is DEB
150821 13:03:32 INF: This is INF
150821 13:03:32 PRT: This is PRT
150821 13:03:32 WRN: This is WRN
150821 13:03:32 ERR: This is ERR
150821 13:03:32 FAT: This is FAT
150821 13:04:24 DEB: This is DEB
150821 13:04:24 INF: This is INF
150821 13:04:24 PRT: This is PRT
150821 13:04:24 WRN: This is WRN
150821 13:04:24 ERR: This is ERR
150821 13:04:24 FAT: This is FAT
150821 13:05:15 DEB: This is DEB
150821 13:05:15 INF: This is INF
150821 13:05:15 PRT: This is PRT
150821 13:05:15 WRN: This is WRN
150821 13:05:15 ERR: This is ERR
150821 13:05:15 FAT: This is FAT
150821 13:13:09 DEB: This is DEB
150821 13:13:09 INF: This is INF
150821 13:13:09 PRT: This is PRT
150821 13:13:09 WRN: This is WRN
150821 13:13:09 ERR: This is ERR
150821 13:13:09 FAT: This is FAT
150821 13:14:03 FAT: This is FAT
150821 13:14:14 WRN: This is WRN
150821 13:14:14 ERR: This is ERR
150821 13:14:14 FAT: This is FAT
150821 13:14:30 ERR: This is ERR
150821 13:14:30 FAT: This is FAT
150821 13:16:46 DEB: This is DEB
150821 13:16:46 INF: This is INF
150821 13:16:46 PRT: This is PRT
150821 13:16:46 WRN: This is WRN
150821 13:16:46 ERR: This is ERR
150821 13:16:46 FAT: This is FAT
150821 13:20:44 DEB: This is DEB
150821 13:20:44 INF: This is INF
150821 13:20:44 PRT: This is PRT
150821 13:20:44 WRN: This is WRN
150821 13:20:44 ERR: This is ERR
150821 13:20:44 FAT: This is FAT
150821 13:20:46 DEB: This is DEB
150821 13:20:46 INF: This is INF
150821 13:20:46 PRT: This is PRT
150821 13:20:46 WRN: This is WRN
150821 13:20:46 ERR: This is ERR
150821 13:20:46 FAT: This is FAT
150821 13:20:59 DEB: This is DEB
150821 13:20:59 INF: This is INF
150821 13:20:59 PRT: This is PRT
150821 13:20:59 WRN: This is WRN
150821 13:20:59 ERR: This is ERR
150821 13:20:59 FAT: This is FAT
150821 13:22:55 DEB: This is DEB
150821 13:22:55 INF: This is INF
150821 13:22:55 PRT: This is PRT
150821 13:22:55 WRN: This is WRN
150821 13:22:55 ERR: This is ERR
150821 13:22:55 FAT: This is FAT
150821 13:23:06 DEB: This is DEB
150821 13:23:06 INF: This is INF
150821 13:23:06 PRT: This is PRT
150821 13:23:06 WRN: This is WRN
150821 13:23:06 ERR: This is ERR
150821 13:23:06 FAT: This is FAT
150821 13:23:15 DEB: This is DEB
150821 13:23:15 INF: This is INF
150821 13:23:15 PRT: This is PRT
150821 13:23:15 WRN: This is WRN
150821 13:23:15 ERR: This is ERR
150821 13:23:15 FAT: This is FAT
150821 13:45:01 DEB: This is DEB
150821 13:45:01 INF: This is INF
150821 13:45:01 PRT: This is PRT
150821 13:45:01 WRN: This is WRN
150821 13:45:01 ERR: This is ERR
150821 13:45:01 FAT: This is FAT
